input = <A1>
output = <A1>
input = <A2>
output = <A2>
input = <A3>
output = <A3>
input = <B1>
output = <B1>
input = <B2>
output = <B2>
input = <B3>
output = <B3>
here
here2
input = 1
output = 1
here
here2
input = <A1>
output = <A1>
here
here2
input = <A2>
output = <A2>
here
here2
input = <A3>
output = <A3>
here
here2
input = <B1>
output = <B1>
here
here2
input = <B2>
output = <B2>
here
here2
input = <B3>
output = <B3>
here
here2
input = <A1A1>
output = 1
here
here2
input = <A1A2>
output = <A1A2>
here
here2
input = <A1A3>
output = <A1A3>
here
here2
input = <A1B1>
output = <A1B1>
here
here2
input = <A1B2>
output = <A1B2>
here
here2
input = <A1B3>
output = <A1B3>
here
here2
input = <A2A2>
output = 1
here
here2
input = <A2A3>
output = <A2A3>
here
here2
input = <A2B1>
output = <A2B1>
here
here2
input = <A2B2>
output = <A2B2>
here
here2
input = <A2B3>
output = <A2B3>
here
here2
input = <A3A3>
output = 1
here
here2
input = <A3B1>
output = <A3B1>
here
here2
input = <A3B2>
output = <A3B2>
here
here2
input = <A3B3>
output = <A3B3>
here
here2
input = <B1B1>
output = 1
here
here2
input = <B1B2>
output = <B1B2>
here
here2
input = <B1B3>
output = <B1B3>
here
here2
input = <B2B2>
output = 1
here
here2
input = <B2B3>
output = <B2B3>
here
here2
input = <B3B3>
output = 1
Bell functional: 
<A1>-<A2>+<B1>-<B2>-<A1B1>+<A1B2>+<A2B1>-<A2B2>+<A1B3>+<A2B3>+<A3B1>+<A3B2>

Moment matrix: 
1    <A1>   <A2>   <A3>   <B1>   <B2>   <B3>   
<A1> 1      <A1A2> <A1A3> <A1B1> <A1B2> <A1B3> 
<A2> <A1A2> 1      <A2A3> <A2B1> <A2B2> <A2B3> 
<A3> <A1A3> <A2A3> 1      <A3B1> <A3B2> <A3B3> 
<B1> <A1B1> <A2B1> <A3B1> 1      <B1B2> <B1B3> 
<B2> <A1B2> <A2B2> <A3B2> <B1B2> 1      <B2B3> 
<B3> <A1B3> <A2B3> <A3B3> <B1B3> <B2B3> 1      


Objective value: 5.5
